<?xml version="1.0" encoding="UTF-8"?>
<!-- Generated by org.testng.reporters.JUnitReportReporter -->
<testsuite hostname="FVFHXF2PQ6LR" failures="0" tests="1" name="collection.put" time="1.954" errors="0" timestamp="2023-05-16T15:04:01 IST" skipped="0">
  <testcase classname="collection.put" name="tc4" time="1.954"/>
  <system-out/>
</testsuite> <!-- collection.put -->
