<?xml version="1.0" encoding="UTF-8"?>
<!-- Generated by org.testng.reporters.JUnitReportReporter -->
<testsuite hostname="FVFHXF2PQ6LR" failures="0" tests="1" name="collection.patch" time="1.970" errors="0" timestamp="2023-05-16T14:51:50 IST" skipped="0">
  <testcase classname="collection.patch" name="tc4" time="1.970"/>
  <system-out/>
</testsuite> <!-- collection.patch -->
